<?xml version="1.0" encoding="UTF-8"?>
<!-- Generated by org.testng.reporters.JUnitReportReporter -->
<testsuite hostname="DESKTOP-884U3F9" failures="0" tests="1" name="Testing.LoginUIpage_Test" time="0.037" errors="0" timestamp="2022-01-14T19:32:05 IST" skipped="0">
  <testcase classname="Testing.LoginUIpage_Test" name="testwithgiven_CredentialonUI" time="0.037"/>
  <system-out/>
</testsuite> <!-- Testing.LoginUIpage_Test -->
